[0.138s] Invoking command in '/home/rsa2021/py_pub_sub/build/zbar_ros': AMENT_PREFIX_PATH=/home/rsa2021/py_pub_sub/install/zbar_ros_interfaces:${AMENT_PREFIX_PATH} CMAKE_PREFIX_PATH=/home/rsa2021/py_pub_sub/install/zbar_ros_interfaces:/home/rsa2021/py_pub_sub/install/publisher3431:/opt/ros/foxy LD_LIBRARY_PATH=/home/rsa2021/py_pub_sub/install/zbar_ros_interfaces/lib:${LD_LIBRARY_PATH} PYTHONPATH=/home/rsa2021/py_pub_sub/install/zbar_ros_interfaces/lib/python3.8/site-packages:${PYTHONPATH} /usr/bin/cmake --build /home/rsa2021/py_pub_sub/build/zbar_ros -- -j3 -l3
[0.661s] [ 25%] [32mBuilding CXX object CMakeFiles/barcode_reader_node.dir/src/barcode_reader_node.cpp.o[0m
[1.308s] In file included from [01m[K/home/rsa2021/py_pub_sub/src/zbar_ros/include/zbar_ros/barcode_reader_node.hpp:35[m[K,
[1.309s]                  from [01m[K/home/rsa2021/py_pub_sub/src/zbar_ros/src/barcode_reader_node.cpp:33[m[K:
[1.309s] [01m[K/home/rsa2021/py_pub_sub/src/zbar_ros/include/zbar_ros/./zbar.h:1301:11:[m[K [01;31m[Kfatal error: [m[Kzbar/Exception.h: No such file or directory
[1.310s]  1301 | # include [01;31m[K"zbar/Exception.h"[m[K
[1.310s]       |           [01;31m[K^~~~~~~~~~~~~~~~~~[m[K
[1.311s] compilation terminated.
[1.315s] make[2]: *** [CMakeFiles/barcode_reader_node.dir/build.make:63: CMakeFiles/barcode_reader_node.dir/src/barcode_reader_node.cpp.o] Error 1
[1.334s] make[1]: *** [CMakeFiles/Makefile2:80: CMakeFiles/barcode_reader_node.dir/all] Error 2
[1.337s] make: *** [Makefile:141: all] Error 2
[1.344s] Invoked command in '/home/rsa2021/py_pub_sub/build/zbar_ros' returned '2': AMENT_PREFIX_PATH=/home/rsa2021/py_pub_sub/install/zbar_ros_interfaces:${AMENT_PREFIX_PATH} CMAKE_PREFIX_PATH=/home/rsa2021/py_pub_sub/install/zbar_ros_interfaces:/home/rsa2021/py_pub_sub/install/publisher3431:/opt/ros/foxy LD_LIBRARY_PATH=/home/rsa2021/py_pub_sub/install/zbar_ros_interfaces/lib:${LD_LIBRARY_PATH} PYTHONPATH=/home/rsa2021/py_pub_sub/install/zbar_ros_interfaces/lib/python3.8/site-packages:${PYTHONPATH} /usr/bin/cmake --build /home/rsa2021/py_pub_sub/build/zbar_ros -- -j3 -l3
