[0.058s] Invoking command in '/home/rsa2021/py_pub_sub/build/zbar_ros': AMENT_PREFIX_PATH=/home/rsa2021/py_pub_sub/install/zbar_ros_interfaces:${AMENT_PREFIX_PATH} CMAKE_PREFIX_PATH=/home/rsa2021/py_pub_sub/install/zbar_ros_interfaces:/home/rsa2021/py_pub_sub/install/publisher3431:/opt/ros/foxy LD_LIBRARY_PATH=/home/rsa2021/py_pub_sub/install/zbar_ros_interfaces/lib:${LD_LIBRARY_PATH} PYTHONPATH=/home/rsa2021/py_pub_sub/install/zbar_ros_interfaces/lib/python3.8/site-packages:${PYTHONPATH} /usr/bin/cmake --build /home/rsa2021/py_pub_sub/build/zbar_ros -- -j3 -l3
[0.217s] [35m[1mScanning dependencies of target barcode_reader_node[0m
[0.323s] [ 25%] [32mBuilding CXX object CMakeFiles/barcode_reader_node.dir/src/barcode_reader_node.cpp.o[0m
[6.903s] In file included from [01m[K/home/rsa2021/py_pub_sub/src/zbar_ros/src/barcode_reader_node.cpp:33[m[K:
[6.904s] [01m[K/home/rsa2021/py_pub_sub/src/zbar_ros/include/zbar_ros/barcode_reader_node.hpp:49:3:[m[K [01;31m[Kerror: [m[Kâ€˜[01m[Kzbar[m[Kâ€™ does not name a type
[6.904s]    49 |   [01;31m[Kzbar[m[K::ImageScanner scanner_;
[6.904s]       |   [01;31m[K^~~~[m[K
[8.373s] [01m[K/home/rsa2021/py_pub_sub/src/zbar_ros/src/barcode_reader_node.cpp:[m[K In constructor â€˜[01m[KBarcodeReaderNode::BarcodeReaderNode()[m[Kâ€™:
[8.374s] [01m[K/home/rsa2021/py_pub_sub/src/zbar_ros/src/barcode_reader_node.cpp:39:3:[m[K [01;31m[Kerror: [m[Kâ€˜[01m[Kscanner_[m[Kâ€™ was not declared in this scope
[8.375s]    39 |   [01;31m[Kscanner_[m[K.set_config(zbar::ZBAR_NONE, zbar::ZBAR_CFG_ENABLE, 1);
[8.376s]       |   [01;31m[K^~~~~~~~[m[K
[8.376s] [01m[K/home/rsa2021/py_pub_sub/src/zbar_ros/src/barcode_reader_node.cpp:39:23:[m[K [01;31m[Kerror: [m[Kâ€˜[01m[Kzbar[m[Kâ€™ has not been declared
[8.377s]    39 |   scanner_.set_config([01;31m[Kzbar[m[K::ZBAR_NONE, zbar::ZBAR_CFG_ENABLE, 1);
[8.377s]       |                       [01;31m[K^~~~[m[K
[8.377s] [01m[K/home/rsa2021/py_pub_sub/src/zbar_ros/src/barcode_reader_node.cpp:39:40:[m[K [01;31m[Kerror: [m[Kâ€˜[01m[Kzbar[m[Kâ€™ has not been declared
[8.378s]    39 |   scanner_.set_config(zbar::ZBAR_NONE, [01;31m[Kzbar[m[K::ZBAR_CFG_ENABLE, 1);
[8.378s]       |                                        [01;31m[K^~~~[m[K
[8.489s] [01m[K/home/rsa2021/py_pub_sub/src/zbar_ros/src/barcode_reader_node.cpp:[m[K In member function â€˜[01m[Kvoid BarcodeReaderNode::imageCb(sensor_msgs::msg::Image_<std::allocator<void> >::ConstSharedPtr)[m[Kâ€™:
[8.489s] [01m[K/home/rsa2021/py_pub_sub/src/zbar_ros/src/barcode_reader_node.cpp:56:3:[m[K [01;31m[Kerror: [m[Kâ€˜[01m[Kzbar[m[Kâ€™ has not been declared
[8.490s]    56 |   [01;31m[Kzbar[m[K::Image zbar_image(cv_image->image.cols, cv_image->image.rows, "Y800", cv_image->image.data,
[8.490s]       |   [01;31m[K^~~~[m[K
[8.503s] [01m[K/home/rsa2021/py_pub_sub/src/zbar_ros/src/barcode_reader_node.cpp:58:3:[m[K [01;31m[Kerror: [m[Kâ€˜[01m[Kscanner_[m[Kâ€™ was not declared in this scope
[8.504s]    58 |   [01;31m[Kscanner_[m[K.scan(zbar_image);
[8.504s]       |   [01;31m[K^~~~~~~~[m[K
[8.520s] [01m[K/home/rsa2021/py_pub_sub/src/zbar_ros/src/barcode_reader_node.cpp:58:17:[m[K [01;31m[Kerror: [m[Kâ€˜[01m[Kzbar_image[m[Kâ€™ was not declared in this scope; did you mean â€˜[01m[Kcv_image[m[Kâ€™?
[8.521s]    58 |   scanner_.scan([01;31m[Kzbar_image[m[K);
[8.522s]       |                 [01;31m[K^~~~~~~~~~[m[K
[8.522s]       |                 [32m[Kcv_image[m[K
[8.523s] [01m[K/home/rsa2021/py_pub_sub/src/zbar_ros/src/barcode_reader_node.cpp:64:10:[m[K [01;31m[Kerror: [m[Kâ€˜[01m[Kzbar[m[Kâ€™ has not been declared
[8.523s]    64 |     for ([01;31m[Kzbar[m[K::Image::SymbolIterator symbol_it = it_start; symbol_it != it_end; ++symbol_it) {
[8.524s]       |          [01;31m[K^~~~[m[K
[8.537s] [01m[K/home/rsa2021/py_pub_sub/src/zbar_ros/src/barcode_reader_node.cpp:64:60:[m[K [01;31m[Kerror: [m[Kâ€˜[01m[Ksymbol_it[m[Kâ€™ was not declared in this scope
[8.538s]    64 |     for (zbar::Image::SymbolIterator symbol_it = it_start; [01;31m[Ksymbol_it[m[K != it_end; ++symbol_it) {
[8.538s]       |                                                            [01;31m[K^~~~~~~~~[m[K
[8.542s] [01m[K/home/rsa2021/py_pub_sub/src/zbar_ros/src/barcode_reader_node.cpp:72:12:[m[K [01;31m[Kerror: [m[Kâ€˜[01m[Kzbar[m[Kâ€™ has not been declared
[8.543s]    72 |       for ([01;31m[Kzbar[m[K::Symbol::PointIterator point_it = symbol_it->point_begin();
[8.543s]       |            [01;31m[K^~~~[m[K
[8.557s] [01m[K/home/rsa2021/py_pub_sub/src/zbar_ros/src/barcode_reader_node.cpp:73:9:[m[K [01;31m[Kerror: [m[Kâ€˜[01m[Kpoint_it[m[Kâ€™ was not declared in this scope; did you mean â€˜[01m[Kwint_t[m[Kâ€™?
[8.557s]    73 |         [01;31m[Kpoint_it[m[K != symbol_it->point_end();
[8.558s]       |         [01;31m[K^~~~~~~~[m[K
[8.559s]       |         [32m[Kwint_t[m[K
[14.907s] make[2]: *** [CMakeFiles/barcode_reader_node.dir/build.make:63: CMakeFiles/barcode_reader_node.dir/src/barcode_reader_node.cpp.o] Error 1
[14.908s] make[1]: *** [CMakeFiles/Makefile2:80: CMakeFiles/barcode_reader_node.dir/all] Error 2
[14.910s] make: *** [Makefile:141: all] Error 2
[14.935s] Invoked command in '/home/rsa2021/py_pub_sub/build/zbar_ros' returned '2': AMENT_PREFIX_PATH=/home/rsa2021/py_pub_sub/install/zbar_ros_interfaces:${AMENT_PREFIX_PATH} CMAKE_PREFIX_PATH=/home/rsa2021/py_pub_sub/install/zbar_ros_interfaces:/home/rsa2021/py_pub_sub/install/publisher3431:/opt/ros/foxy LD_LIBRARY_PATH=/home/rsa2021/py_pub_sub/install/zbar_ros_interfaces/lib:${LD_LIBRARY_PATH} PYTHONPATH=/home/rsa2021/py_pub_sub/install/zbar_ros_interfaces/lib/python3.8/site-packages:${PYTHONPATH} /usr/bin/cmake --build /home/rsa2021/py_pub_sub/build/zbar_ros -- -j3 -l3
