[0.000000] (-) TimerEvent: {}
[0.000634] (-) JobUnselected: {'identifier': 'publisher3431'}
[0.000870] (-) JobUnselected: {'identifier': 'zbar_ros_interfaces'}
[0.001187] (zbar_ros) JobQueued: {'identifier': 'zbar_ros', 'dependencies': OrderedDict([('zbar_ros_interfaces', '/home/rsa2021/py_pub_sub/install/zbar_ros_interfaces')])}
[0.008490] (zbar_ros) JobStarted: {'identifier': 'zbar_ros'}
[0.099129] (-) TimerEvent: {}
[0.125608] (zbar_ros) JobProgress: {'identifier': 'zbar_ros', 'progress': 'cmake'}
[0.133598] (zbar_ros) JobProgress: {'identifier': 'zbar_ros', 'progress': 'build'}
[0.137351] (zbar_ros) Command: {'cmd': ['/usr/bin/cmake', '--build', '/home/rsa2021/py_pub_sub/build/zbar_ros', '--', '-j3', '-l3'], 'cwd': '/home/rsa2021/py_pub_sub/build/zbar_ros', 'env': OrderedDict([('GJS_DEBUG_TOPICS', 'JS ERROR;JS LOG'), ('LESSOPEN', '| /usr/bin/lesspipe %s'), ('SVGA_VGPU10', '0'), ('USER', 'rsa2021'), ('SSH_AGENT_PID', '1838'), ('XDG_SESSION_TYPE', 'x11'), ('SHLVL', '1'), ('LD_LIBRARY_PATH', '/home/rsa2021/py_pub_sub/install/zbar_ros_interfaces/lib:/usr/lib/x86_64-linux-gnu/gazebo-11/plugins:/opt/ros/foxy/opt/yaml_cpp_vendor/lib:/opt/ros/foxy/opt/rviz_ogre_vendor/lib:/opt/ros/foxy/lib/x86_64-linux-gnu:/opt/ros/foxy/lib'), ('HOME', '/home/rsa2021'), ('OLDPWD', '/home/rsa2021/py_pub_sub/src'), ('DESKTOP_SESSION', 'ubuntu'), ('ROS_PYTHON_VERSION', '3'), ('GNOME_SHELL_SESSION_MODE', 'ubuntu'), ('GTK_MODULES', 'gail:atk-bridge'), ('MANAGERPID', '1666'), ('DBUS_SESSION_BUS_ADDRESS', 'unix:path=/run/user/1000/bus'), ('COLORTERM', 'truecolor'), ('IM_CONFIG_PHASE', '1'), ('COLCON_PREFIX_PATH', '/home/rsa2021/py_pub_sub/install'), ('ROS_DISTRO', 'foxy'), ('LOGNAME', 'rsa2021'), ('JOURNAL_STREAM', '8:55897'), ('_', '/usr/bin/colcon'), ('ROS_VERSION', '2'), ('XDG_SESSION_CLASS', 'user'), ('USERNAME', 'rsa2021'), ('TERM', 'xterm-256color'), ('GNOME_DESKTOP_SESSION_ID', 'this-is-deprecated'), ('ROS_LOCALHOST_ONLY', '0'), ('WINDOWPATH', '2'), ('PATH', '/opt/ros/foxy/bin:/usr/local/sbin:/usr/local/bin:/usr/sbin:/usr/bin:/sbin:/bin:/usr/games:/usr/local/games:/snap/bin'), ('SESSION_MANAGER', 'local/ubuntu:@/tmp/.ICE-unix/1873,unix/ubuntu:/tmp/.ICE-unix/1873'), ('INVOCATION_ID', 'f7d49d7902824afe95d0c6f73a523eff'), ('XDG_MENU_PREFIX', 'gnome-'), ('GNOME_TERMINAL_SCREEN', '/org/gnome/Terminal/screen/e86a6970_46f9_417f_8113_a9e800aca686'), ('XDG_RUNTIME_DIR', '/run/user/1000'), ('DISPLAY', ':0'), ('LANG', 'en_US.UTF-8'), ('XDG_CURRENT_DESKTOP', 'ubuntu:GNOME'), ('XMODIFIERS', '@im=ibus'), ('XDG_SESSION_DESKTOP', 'ubuntu'), ('XAUTHORITY', '/run/user/1000/gdm/Xauthority'), ('LS_COLORS', 'rs=0:di=01;34:ln=01;36:mh=00:pi=40;33:so=01;35:do=01;35:bd=40;33;01:cd=40;33;01:or=40;31;01:mi=00:su=37;41:sg=30;43:ca=30;41:tw=30;42:ow=34;42:st=37;44:ex=01;32:*.tar=01;31:*.tgz=01;31:*.arc=01;31:*.arj=01;31:*.taz=01;31:*.lha=01;31:*.lz4=01;31:*.lzh=01;31:*.lzma=01;31:*.tlz=01;31:*.txz=01;31:*.tzo=01;31:*.t7z=01;31:*.zip=01;31:*.z=01;31:*.dz=01;31:*.gz=01;31:*.lrz=01;31:*.lz=01;31:*.lzo=01;31:*.xz=01;31:*.zst=01;31:*.tzst=01;31:*.bz2=01;31:*.bz=01;31:*.tbz=01;31:*.tbz2=01;31:*.tz=01;31:*.deb=01;31:*.rpm=01;31:*.jar=01;31:*.war=01;31:*.ear=01;31:*.sar=01;31:*.rar=01;31:*.alz=01;31:*.ace=01;31:*.zoo=01;31:*.cpio=01;31:*.7z=01;31:*.rz=01;31:*.cab=01;31:*.wim=01;31:*.swm=01;31:*.dwm=01;31:*.esd=01;31:*.jpg=01;35:*.jpeg=01;35:*.mjpg=01;35:*.mjpeg=01;35:*.gif=01;35:*.bmp=01;35:*.pbm=01;35:*.pgm=01;35:*.ppm=01;35:*.tga=01;35:*.xbm=01;35:*.xpm=01;35:*.tif=01;35:*.tiff=01;35:*.png=01;35:*.svg=01;35:*.svgz=01;35:*.mng=01;35:*.pcx=01;35:*.mov=01;35:*.mpg=01;35:*.mpeg=01;35:*.m2v=01;35:*.mkv=01;35:*.webm=01;35:*.ogm=01;35:*.mp4=01;35:*.m4v=01;35:*.mp4v=01;35:*.vob=01;35:*.qt=01;35:*.nuv=01;35:*.wmv=01;35:*.asf=01;35:*.rm=01;35:*.rmvb=01;35:*.flc=01;35:*.avi=01;35:*.fli=01;35:*.flv=01;35:*.gl=01;35:*.dl=01;35:*.xcf=01;35:*.xwd=01;35:*.yuv=01;35:*.cgm=01;35:*.emf=01;35:*.ogv=01;35:*.ogx=01;35:*.aac=00;36:*.au=00;36:*.flac=00;36:*.m4a=00;36:*.mid=00;36:*.midi=00;36:*.mka=00;36:*.mp3=00;36:*.mpc=00;36:*.ogg=00;36:*.ra=00;36:*.wav=00;36:*.oga=00;36:*.opus=00;36:*.spx=00;36:*.xspf=00;36:'), ('GNOME_TERMINAL_SERVICE', ':1.110'), ('SSH_AUTH_SOCK', '/run/user/1000/keyring/ssh'), ('ROS_DOMAIN_ID', '30'), ('AMENT_PREFIX_PATH', '/home/rsa2021/py_pub_sub/install/zbar_ros_interfaces:/home/rsa2021/py_pub_sub/install/publisher3431:/opt/ros/foxy'), ('SHELL', '/bin/bash'), ('QT_ACCESSIBILITY', '1'), ('GDMSESSION', 'ubuntu'), ('LESSCLOSE', '/usr/bin/lesspipe %s %s'), ('GPG_AGENT_INFO', '/run/user/1000/gnupg/S.gpg-agent:0:1'), ('GJS_DEBUG_OUTPUT', 'stderr'), ('QT_IM_MODULE', 'ibus'), ('PWD', '/home/rsa2021/py_pub_sub/build/zbar_ros'), ('TURTLEBOT3_MODEL', 'waffle_pi'), ('XDG_CONFIG_DIRS', '/etc/xdg/xdg-ubuntu:/etc/xdg'), ('XDG_DATA_DIRS', '/usr/share/ubuntu:/usr/local/share/:/usr/share/:/var/lib/snapd/desktop'), ('PYTHONPATH', '/home/rsa2021/py_pub_sub/install/zbar_ros_interfaces/lib/python3.8/site-packages:/home/rsa2021/py_pub_sub/install/publisher3431/lib/python3.8/site-packages:/opt/ros/foxy/lib/python3.8/site-packages'), ('COLCON', '1'), ('VTE_VERSION', '6003'), ('CMAKE_PREFIX_PATH', '/home/rsa2021/py_pub_sub/install/zbar_ros_interfaces:/home/rsa2021/py_pub_sub/install/publisher3431:/opt/ros/foxy')]), 'shell': False}
[0.199502] (-) TimerEvent: {}
[0.300845] (-) TimerEvent: {}
[0.401847] (-) TimerEvent: {}
[0.504713] (-) TimerEvent: {}
[0.605687] (-) TimerEvent: {}
[0.668742] (zbar_ros) StdoutLine: {'line': b'[ 25%] \x1b[32mBuilding CXX object CMakeFiles/barcode_reader_node.dir/src/barcode_reader_node.cpp.o\x1b[0m\n'}
[0.705992] (-) TimerEvent: {}
[0.806744] (-) TimerEvent: {}
[0.907934] (-) TimerEvent: {}
[1.009092] (-) TimerEvent: {}
[1.110290] (-) TimerEvent: {}
[1.211584] (-) TimerEvent: {}
[1.312746] (-) TimerEvent: {}
[1.316297] (zbar_ros) StderrLine: {'line': b'In file included from \x1b[01m\x1b[K/home/rsa2021/py_pub_sub/src/zbar_ros/include/zbar_ros/barcode_reader_node.hpp:35\x1b[m\x1b[K,\n'}
[1.317095] (zbar_ros) StderrLine: {'line': b'                 from \x1b[01m\x1b[K/home/rsa2021/py_pub_sub/src/zbar_ros/src/barcode_reader_node.cpp:33\x1b[m\x1b[K:\n'}
[1.317560] (zbar_ros) StderrLine: {'line': b'\x1b[01m\x1b[K/home/rsa2021/py_pub_sub/src/zbar_ros/include/zbar_ros/./zbar.h:1301:11:\x1b[m\x1b[K \x1b[01;31m\x1b[Kfatal error: \x1b[m\x1b[Kzbar/Exception.h: No such file or directory\n'}
[1.318089] (zbar_ros) StderrLine: {'line': b' 1301 | # include \x1b[01;31m\x1b[K"zbar/Exception.h"\x1b[m\x1b[K\n'}
[1.318549] (zbar_ros) StderrLine: {'line': b'      |           \x1b[01;31m\x1b[K^~~~~~~~~~~~~~~~~~\x1b[m\x1b[K\n'}
[1.319020] (zbar_ros) StderrLine: {'line': b'compilation terminated.\n'}
[1.322688] (zbar_ros) StderrLine: {'line': b'make[2]: *** [CMakeFiles/barcode_reader_node.dir/build.make:63: CMakeFiles/barcode_reader_node.dir/src/barcode_reader_node.cpp.o] Error 1\n'}
[1.327524] (zbar_ros) StderrLine: {'line': b'make[1]: *** [CMakeFiles/Makefile2:80: CMakeFiles/barcode_reader_node.dir/all] Error 2\n'}
[1.344489] (zbar_ros) StderrLine: {'line': b'make: *** [Makefile:141: all] Error 2\n'}
[1.345973] (zbar_ros) CommandEnded: {'returncode': 2}
[1.413888] (-) TimerEvent: {}
[1.515148] (-) TimerEvent: {}
[1.586170] (zbar_ros) JobEnded: {'identifier': 'zbar_ros', 'rc': 2}
[1.599754] (-) EventReactorShutdown: {}
