[0.072s] Invoking command in '/home/rsa2021/py_pub_sub/build/zbar_ros': AMENT_PREFIX_PATH=/home/rsa2021/py_pub_sub/install/zbar_ros_interfaces:${AMENT_PREFIX_PATH} CMAKE_PREFIX_PATH=/home/rsa2021/py_pub_sub/install/zbar_ros_interfaces:/home/rsa2021/py_pub_sub/install/publisher3431:/opt/ros/foxy LD_LIBRARY_PATH=/home/rsa2021/py_pub_sub/install/zbar_ros_interfaces/lib:${LD_LIBRARY_PATH} PYTHONPATH=/home/rsa2021/py_pub_sub/install/zbar_ros_interfaces/lib/python3.8/site-packages:${PYTHONPATH} /usr/bin/cmake /home/rsa2021/py_pub_sub/src/zbar_ros -DCMAKE_INSTALL_PREFIX=/home/rsa2021/py_pub_sub/install/zbar_ros
[0.300s] -- The C compiler identification is GNU 9.3.0
[0.469s] -- The CXX compiler identification is GNU 9.3.0
[0.483s] -- Check for working C compiler: /usr/bin/cc
[0.687s] -- Check for working C compiler: /usr/bin/cc -- works
[0.690s] -- Detecting C compiler ABI info
[0.889s] -- Detecting C compiler ABI info - done
[0.924s] -- Detecting C compile features
[0.926s] -- Detecting C compile features - done
[0.933s] -- Check for working CXX compiler: /usr/bin/c++
[1.171s] -- Check for working CXX compiler: /usr/bin/c++ -- works
[1.174s] -- Detecting CXX compiler ABI info
[1.426s] -- Detecting CXX compiler ABI info - done
[1.466s] -- Detecting CXX compile features
[1.468s] -- Detecting CXX compile features - done
[1.474s] -- Found ament_cmake: 0.9.9 (/opt/ros/foxy/share/ament_cmake/cmake)
[1.549s] -- Found PythonInterp: /usr/bin/python3 (found suitable version "3.8.10", minimum required is "3") 
[1.549s] -- Using PYTHON_EXECUTABLE: /usr/bin/python3
[2.166s] -- Found rclcpp: 2.4.0 (/opt/ros/foxy/share/rclcpp/cmake)
[2.317s] -- Using all available rosidl_typesupport_c: rosidl_typesupport_fastrtps_c;rosidl_typesupport_introspection_c
[2.338s] -- Found rosidl_adapter: 1.2.1 (/opt/ros/foxy/share/rosidl_adapter/cmake)
[2.643s] -- Found OpenSSL: /usr/lib/x86_64-linux-gnu/libcrypto.so (found version "1.1.1f")  
[2.732s] -- Found FastRTPS: /opt/ros/foxy/include  
[3.000s] -- Using all available rosidl_typesupport_cpp: rosidl_typesupport_fastrtps_cpp;rosidl_typesupport_introspection_cpp
[3.210s] -- Found rmw_implementation_cmake: 1.0.3 (/opt/ros/foxy/share/rmw_implementation_cmake/cmake)
[3.216s] -- Using RMW implementation 'rmw_fastrtps_cpp' as default
[3.221s] -- Looking for pthread.h
[3.435s] -- Looking for pthread.h - found
[3.436s] -- Performing Test CMAKE_HAVE_LIBC_PTHREAD
[3.663s] -- Performing Test CMAKE_HAVE_LIBC_PTHREAD - Failed
[3.663s] -- Looking for pthread_create in pthreads
[3.875s] -- Looking for pthread_create in pthreads - not found
[3.877s] -- Looking for pthread_create in pthread
[4.115s] -- Looking for pthread_create in pthread - found
[4.119s] -- Found Threads: TRUE  
[4.727s] -- Found sensor_msgs: 2.0.4 (/opt/ros/foxy/share/sensor_msgs/cmake)
[5.103s] -- Found zbar_ros_interfaces: 0.0.0 (/home/rsa2021/py_pub_sub/install/zbar_ros_interfaces/share/zbar_ros_interfaces/cmake)
[5.324s] -- Found cv_bridge: 2.2.1 (/opt/ros/foxy/share/cv_bridge/cmake)
[5.410s] -- Found ament_lint_auto: 0.9.6 (/opt/ros/foxy/share/ament_lint_auto/cmake)
[5.655s] -- Added test 'cppcheck' to perform static code analysis on C / C++ code
[5.656s] -- Configured cppcheck include dirs: /home/rsa2021/py_pub_sub/src/zbar_ros/include
[5.657s] -- Configured cppcheck exclude dirs and/or files: 
[5.660s] -- Added test 'cpplint' to check C / C++ code against the Google style
[5.660s] -- Configured cpplint exclude dirs and/or files: 
[5.663s] -- Added test 'lint_cmake' to check CMake code style
[5.666s] -- Added test 'uncrustify' to check C / C++ code style
[5.667s] -- Configured uncrustify additional arguments: 
[5.669s] -- Added test 'xmllint' to check XML markup files
[5.679s] -- Configuring done
[5.740s] -- Generating done
[5.745s] -- Build files have been written to: /home/rsa2021/py_pub_sub/build/zbar_ros
[5.766s] Invoked command in '/home/rsa2021/py_pub_sub/build/zbar_ros' returned '0': AMENT_PREFIX_PATH=/home/rsa2021/py_pub_sub/install/zbar_ros_interfaces:${AMENT_PREFIX_PATH} CMAKE_PREFIX_PATH=/home/rsa2021/py_pub_sub/install/zbar_ros_interfaces:/home/rsa2021/py_pub_sub/install/publisher3431:/opt/ros/foxy LD_LIBRARY_PATH=/home/rsa2021/py_pub_sub/install/zbar_ros_interfaces/lib:${LD_LIBRARY_PATH} PYTHONPATH=/home/rsa2021/py_pub_sub/install/zbar_ros_interfaces/lib/python3.8/site-packages:${PYTHONPATH} /usr/bin/cmake /home/rsa2021/py_pub_sub/src/zbar_ros -DCMAKE_INSTALL_PREFIX=/home/rsa2021/py_pub_sub/install/zbar_ros
[5.775s] Invoking command in '/home/rsa2021/py_pub_sub/build/zbar_ros': AMENT_PREFIX_PATH=/home/rsa2021/py_pub_sub/install/zbar_ros_interfaces:${AMENT_PREFIX_PATH} CMAKE_PREFIX_PATH=/home/rsa2021/py_pub_sub/install/zbar_ros_interfaces:/home/rsa2021/py_pub_sub/install/publisher3431:/opt/ros/foxy LD_LIBRARY_PATH=/home/rsa2021/py_pub_sub/install/zbar_ros_interfaces/lib:${LD_LIBRARY_PATH} PYTHONPATH=/home/rsa2021/py_pub_sub/install/zbar_ros_interfaces/lib/python3.8/site-packages:${PYTHONPATH} /usr/bin/cmake --build /home/rsa2021/py_pub_sub/build/zbar_ros -- -j3 -l3
[5.897s] [35m[1mScanning dependencies of target barcode_reader_node[0m
[6.432s] [ 25%] [32mBuilding CXX object CMakeFiles/barcode_reader_node.dir/src/barcode_reader_node.cpp.o[0m
[6.802s] In file included from [01m[K/home/rsa2021/py_pub_sub/src/zbar_ros/src/barcode_reader_node.cpp:33[m[K:
[6.802s] [01m[K/home/rsa2021/py_pub_sub/src/zbar_ros/include/zbar_ros/barcode_reader_node.hpp:35:10:[m[K [01;31m[Kfatal error: [m[K./zbar.h: No such file or directory
[6.802s]    35 | #include [01;31m[K"./zbar.h"[m[K
[6.803s]       |          [01;31m[K^~~~~~~~~~[m[K
[6.804s] compilation terminated.
[6.818s] make[2]: *** [CMakeFiles/barcode_reader_node.dir/build.make:63: CMakeFiles/barcode_reader_node.dir/src/barcode_reader_node.cpp.o] Error 1
[6.819s] make[1]: *** [CMakeFiles/Makefile2:80: CMakeFiles/barcode_reader_node.dir/all] Error 2
[6.821s] make: *** [Makefile:141: all] Error 2
[6.828s] Invoked command in '/home/rsa2021/py_pub_sub/build/zbar_ros' returned '2': AMENT_PREFIX_PATH=/home/rsa2021/py_pub_sub/install/zbar_ros_interfaces:${AMENT_PREFIX_PATH} CMAKE_PREFIX_PATH=/home/rsa2021/py_pub_sub/install/zbar_ros_interfaces:/home/rsa2021/py_pub_sub/install/publisher3431:/opt/ros/foxy LD_LIBRARY_PATH=/home/rsa2021/py_pub_sub/install/zbar_ros_interfaces/lib:${LD_LIBRARY_PATH} PYTHONPATH=/home/rsa2021/py_pub_sub/install/zbar_ros_interfaces/lib/python3.8/site-packages:${PYTHONPATH} /usr/bin/cmake --build /home/rsa2021/py_pub_sub/build/zbar_ros -- -j3 -l3
